\BOOKMARK [1][-]{section.1}{\376\377\000M\000o\000d\000e\000l\000l\000o\000\040\000B\000a\000s\000e}{}% 1
\BOOKMARK [2][-]{subsection.1.1}{\376\377\000O\000b\000i\000e\000t\000t\000i\000v\000i}{section.1}% 2
\BOOKMARK [2][-]{subsection.1.2}{\376\377\000M\000o\000d\000e\000l\000l\000o\000\040\000C\000o\000n\000c\000e\000t\000t\000u\000a\000l\000e}{section.1}% 3
\BOOKMARK [2][-]{subsection.1.3}{\376\377\000M\000o\000d\000e\000l\000l\000o\000\040\000d\000e\000l\000l\000e\000\040\000S\000p\000e\000c\000i\000f\000i\000c\000h\000e}{section.1}% 4
\BOOKMARK [2][-]{subsection.1.4}{\376\377\000M\000o\000d\000e\000l\000l\000o\000\040\000C\000o\000m\000p\000u\000t\000a\000z\000i\000o\000n\000a\000l\000e}{section.1}% 5
\BOOKMARK [2][-]{subsection.1.5}{\376\377\000V\000e\000r\000i\000f\000i\000c\000a}{section.1}% 6
\BOOKMARK [2][-]{subsection.1.6}{\376\377\000V\000a\000l\000i\000d\000a\000z\000i\000o\000n\000e}{section.1}% 7
\BOOKMARK [2][-]{subsection.1.7}{\376\377\000E\000s\000p\000e\000r\000i\000m\000e\000n\000t\000i\000\040\000d\000i\000\040\000S\000i\000m\000u\000l\000a\000z\000i\000o\000n\000e}{section.1}% 8
\BOOKMARK [3][-]{subsubsection.1.7.1}{\376\377\000A\000n\000a\000l\000i\000s\000i\000\040\000d\000e\000l\000\040\000c\000o\000m\000p\000o\000r\000t\000a\000m\000e\000n\000t\000o\000\040\000t\000r\000a\000n\000s\000i\000e\000n\000t\000e}{subsection.1.7}% 9
\BOOKMARK [3][-]{subsubsection.1.7.2}{\376\377\000A\000n\000a\000l\000i\000s\000i\000\040\000d\000e\000l\000\040\000c\000o\000m\000p\000o\000r\000t\000a\000m\000e\000n\000t\000o\000\040\000s\000t\000a\000z\000i\000o\000n\000a\000r\000i\000o}{subsection.1.7}% 10
\BOOKMARK [3][-]{subsubsection.1.7.3}{\376\377\000A\000n\000a\000l\000i\000s\000i\000\040\000g\000u\000a\000d\000a\000g\000n\000o\000\040\000g\000i\000o\000r\000n\000a\000l\000i\000e\000r\000o}{subsection.1.7}% 11
\BOOKMARK [1][-]{section.2}{\376\377\000M\000o\000d\000e\000l\000l\000o\000\040\000A\000v\000a\000n\000z\000a\000t\000o}{}% 12
\BOOKMARK [2][-]{subsection.2.1}{\376\377\000O\000b\000i\000e\000t\000t\000i\000v\000i}{section.2}% 13
\BOOKMARK [2][-]{subsection.2.2}{\376\377\000M\000o\000d\000e\000l\000l\000o\000\040\000C\000o\000n\000c\000e\000t\000t\000u\000a\000l\000e}{section.2}% 14
\BOOKMARK [2][-]{subsection.2.3}{\376\377\000M\000o\000d\000e\000l\000l\000o\000\040\000d\000e\000l\000l\000e\000\040\000S\000p\000e\000c\000i\000f\000i\000c\000h\000e}{section.2}% 15
\BOOKMARK [2][-]{subsection.2.4}{\376\377\000M\000o\000d\000e\000l\000l\000o\000\040\000C\000o\000m\000p\000u\000t\000a\000z\000i\000o\000n\000a\000l\000e}{section.2}% 16
\BOOKMARK [2][-]{subsection.2.5}{\376\377\000V\000e\000r\000i\000f\000i\000c\000a}{section.2}% 17
\BOOKMARK [2][-]{subsection.2.6}{\376\377\000V\000a\000l\000i\000d\000a\000z\000i\000o\000n\000e}{section.2}% 18
\BOOKMARK [2][-]{subsection.2.7}{\376\377\000E\000s\000p\000e\000r\000i\000m\000e\000n\000t\000i\000\040\000d\000i\000\040\000S\000i\000m\000u\000l\000a\000z\000i\000o\000n\000e}{section.2}% 19
\BOOKMARK [3][-]{subsubsection.2.7.1}{\376\377\000A\000n\000a\000l\000i\000s\000i\000\040\000d\000e\000l\000\040\000c\000o\000m\000p\000o\000r\000t\000a\000m\000e\000n\000t\000o\000\040\000t\000r\000a\000n\000s\000i\000e\000n\000t\000e}{subsection.2.7}% 20
\BOOKMARK [3][-]{subsubsection.2.7.2}{\376\377\000A\000n\000a\000l\000i\000s\000i\000\040\000d\000e\000l\000\040\000c\000o\000m\000p\000o\000r\000t\000a\000m\000e\000n\000t\000o\000\040\000s\000t\000a\000z\000i\000o\000n\000a\000r\000i\000o}{subsection.2.7}% 21
\BOOKMARK [3][-]{subsubsection.2.7.3}{\376\377\000A\000n\000a\000l\000i\000s\000i\000\040\000g\000u\000a\000d\000a\000g\000n\000o\000\040\000g\000i\000o\000r\000n\000a\000l\000i\000e\000r\000o}{subsection.2.7}% 22
\BOOKMARK [1][-]{section.3}{\376\377\000C\000o\000n\000c\000l\000u\000s\000i\000o\000n\000i}{}% 23
